# JRE version: OpenJDK Runtime Environment (21.0.9) (build 21.0.9+-14787801-b1163.94)
# Java VM: OpenJDK 64-Bit Server VM (21.0.9+-14787801-b1163.94, mixed mode, tiered, compressed oops, compressed class ptrs, g1 gc, windows-amd64)
GC Precious Log:
 CardTable entry size: 512
 Card Set container configuration: InlinePtr #cards 5 size 8 Array Of Cards #cards 12 size 40 Howl #buckets 4 coarsen threshold 1843 Howl Bitmap #cards 512 size 80 coarsen threshold 460 Card regions per heap region 1 cards per card region 2048
 CPUs: 8 total, 8 available
 Memory: 10112M
 Large Page Support: Disabled
 NUMA Support: Disabled
 Compressed Oops: Enabled (32-bit)
 Heap Region Size: 1M
 Heap Min Capacity: 8M
 Heap Initial Capacity: 160M
 Heap Max Capacity: 2G
 Pre-touch: Disabled
 Parallel Workers: 8
 Concurrent Workers: 2
 Concurrent Refinement Workers: 8
 Periodic GC: Disabled
Heap:
 garbage-first heap   total 232448K, used 147823K [0x0000000080000000, 0x0000000100000000)
  region size 1024K, 6 young (6144K), 6 survivors (6144K)
 Metaspace       used 116005K, committed 118144K, reserved 557056K
  class space    used 16679K, committed 17728K, reserved 425984K
GC Heap History (20 events):
Event: 95.877 GC heap after
{Heap after GC invocations=48 (full 0):
 garbage-first heap   total 168960K, used 105855K [0x0000000080000000, 0x0000000100000000)
  region size 1024K, 6 young (6144K), 6 survivors (6144K)
 Metaspace       used 115162K, committed 117248K, reserved 557056K
  class space    used 16602K, committed 17600K, reserved 425984K
}
Event: 96.160 GC heap before
{Heap before GC invocations=48 (full 0):
 garbage-first heap   total 168960K, used 158079K [0x0000000080000000, 0x0000000100000000)
  region size 1024K, 58 young (59392K), 6 survivors (6144K)
 Metaspace       used 115165K, committed 117248K, reserved 557056K
  class space    used 16602K, committed 17600K, reserved 425984K
}
Event: 96.167 GC heap after
{Heap after GC invocations=49 (full 0):
 garbage-first heap   total 171008K, used 107118K [0x0000000080000000, 0x0000000100000000)
  region size 1024K, 7 young (7168K), 7 survivors (7168K)
 Metaspace       used 115165K, committed 117248K, reserved 557056K
  class space    used 16602K, committed 17600K, reserved 425984K
}
Event: 96.409 GC heap before
{Heap before GC invocations=49 (full 0):
 garbage-first heap   total 171008K, used 160366K [0x0000000080000000, 0x0000000100000000)
  region size 1024K, 60 young (61440K), 7 survivors (7168K)
 Metaspace       used 115167K, committed 117248K, reserved 557056K
  class space    used 16602K, committed 17600K, reserved 425984K
}
Event: 96.417 GC heap after
{Heap after GC invocations=50 (full 0):
 garbage-first heap   total 174080K, used 110076K [0x0000000080000000, 0x0000000100000000)
  region size 1024K, 8 young (8192K), 8 survivors (8192K)
 Metaspace       used 115167K, committed 117248K, reserved 557056K
  class space    used 16602K, committed 17600K, reserved 425984K
}
Event: 96.979 GC heap before
{Heap before GC invocations=51 (full 0):
 garbage-first heap   total 184320K, used 161276K [0x0000000080000000, 0x0000000100000000)
  region size 1024K, 59 young (60416K), 8 survivors (8192K)
 Metaspace       used 115171K, committed 117248K, reserved 557056K
  class space    used 16602K, committed 17600K, reserved 425984K
}
Event: 96.983 GC heap after
{Heap after GC invocations=52 (full 0):
 garbage-first heap   total 184320K, used 108633K [0x0000000080000000, 0x0000000100000000)
  region size 1024K, 3 young (3072K), 3 survivors (3072K)
 Metaspace       used 115171K, committed 117248K, reserved 557056K
  class space    used 16602K, committed 17600K, reserved 425984K
}
Event: 97.259 GC heap before
{Heap before GC invocations=52 (full 0):
 garbage-first heap   total 184320K, used 168025K [0x0000000080000000, 0x0000000100000000)
  region size 1024K, 62 young (63488K), 3 survivors (3072K)
 Metaspace       used 115173K, committed 117312K, reserved 557056K
  class space    used 16602K, committed 17600K, reserved 425984K
}
Event: 97.266 GC heap after
{Heap after GC invocations=53 (full 0):
 garbage-first heap   total 221184K, used 108221K [0x0000000080000000, 0x0000000100000000)
  region size 1024K, 4 young (4096K), 4 survivors (4096K)
 Metaspace       used 115173K, committed 117312K, reserved 557056K
  class space    used 16602K, committed 17600K, reserved 425984K
}
Event: 97.669 GC heap before
{Heap before GC invocations=53 (full 0):
 garbage-first heap   total 221184K, used 194237K [0x0000000080000000, 0x0000000100000000)
  region size 1024K, 88 young (90112K), 4 survivors (4096K)
 Metaspace       used 115173K, committed 117312K, reserved 557056K
  class space    used 16602K, committed 17600K, reserved 425984K
}
Event: 97.674 GC heap after
{Heap after GC invocations=54 (full 0):
 garbage-first heap   total 221184K, used 110326K [0x0000000080000000, 0x0000000100000000)
  region size 1024K, 6 young (6144K), 6 survivors (6144K)
 Metaspace       used 115173K, committed 117312K, reserved 557056K
  class space    used 16602K, committed 17600K, reserved 425984K
}
Event: 97.993 GC heap before
{Heap before GC invocations=55 (full 0):
 garbage-first heap   total 221184K, used 198390K [0x0000000080000000, 0x0000000100000000)
  region size 1024K, 92 young (94208K), 6 survivors (6144K)
 Metaspace       used 115173K, committed 117312K, reserved 557056K
  class space    used 16602K, committed 17600K, reserved 425984K
}
Event: 97.997 GC heap after
{Heap after GC invocations=56 (full 0):
 garbage-first heap   total 221184K, used 111616K [0x0000000080000000, 0x0000000100000000)
  region size 1024K, 7 young (7168K), 7 survivors (7168K)
 Metaspace       used 115173K, committed 117312K, reserved 557056K
  class space    used 16602K, committed 17600K, reserved 425984K
}
Event: 98.265 GC heap before
{Heap before GC invocations=56 (full 0):
 garbage-first heap   total 221184K, used 201728K [0x0000000080000000, 0x0000000100000000)
  region size 1024K, 95 young (97280K), 7 survivors (7168K)
 Metaspace       used 115173K, committed 117312K, reserved 557056K
  class space    used 16602K, committed 17600K, reserved 425984K
}
Event: 98.271 GC heap after
{Heap after GC invocations=57 (full 0):
 garbage-first heap   total 221184K, used 112312K [0x0000000080000000, 0x0000000100000000)
  region size 1024K, 7 young (7168K), 7 survivors (7168K)
 Metaspace       used 115173K, committed 117312K, reserved 557056K
  class space    used 16602K, committed 17600K, reserved 425984K
}
Event: 98.548 GC heap before
{Heap before GC invocations=57 (full 0):
 garbage-first heap   total 221184K, used 185016K [0x0000000080000000, 0x0000000100000000)
  region size 1024K, 80 young (81920K), 7 survivors (7168K)
 Metaspace       used 115176K, committed 117312K, reserved 557056K
  class space    used 16602K, committed 17600K, reserved 425984K
}
Event: 98.557 GC heap after
{Heap after GC invocations=58 (full 0):
 garbage-first heap   total 221184K, used 120064K [0x0000000080000000, 0x0000000100000000)
  region size 1024K, 13 young (13312K), 13 survivors (13312K)
 Metaspace       used 115176K, committed 117312K, reserved 557056K
  class space    used 16602K, committed 17600K, reserved 425984K
}
Event: 98.962 GC heap before
{Heap before GC invocations=59 (full 0):
 garbage-first heap   total 221184K, used 199936K [0x0000000080000000, 0x0000000100000000)
  region size 1024K, 90 young (92160K), 13 survivors (13312K)
 Metaspace       used 115256K, committed 117376K, reserved 557056K
  class space    used 16613K, committed 17664K, reserved 425984K
}
Event: 98.989 GC heap after
{Heap after GC invocations=60 (full 0):
 garbage-first heap   total 232448K, used 140288K [0x0000000080000000, 0x0000000100000000)
  region size 1024K, 12 young (12288K), 12 survivors (12288K)
 Metaspace       used 115256K, committed 117376K, reserved 557056K
  class space    used 16613K, committed 17664K, reserved 425984K
}
Event: 99.606 GC heap before
{Heap before GC invocations=60 (full 0):
 garbage-first heap   total 232448K, used 206848K [0x0000000080000000, 0x0000000100000000)
  region size 1024K, 76 young (77824K), 12 survivors (12288K)
 Metaspace       used 116005K, committed 118144K, reserved 557056K
  class space    used 16679K, committed 17728K, reserved 425984K
}

