# JRE version: OpenJDK Runtime Environment Temurin-21.0.10+7 (21.0.10+7) (build 21.0.10+7-LTS)
# Java VM: OpenJDK 64-Bit Server VM Temurin-21.0.10+7 (21.0.10+7-LTS, mixed mode, sharing, tiered, compressed oops, compressed class ptrs, parallel gc, windows-amd64)
GC Precious Log:
 CardTable entry size: 512
 CPUs: 8 total, 8 available
 Memory: 10112M
 Large Page Support: Disabled
 NUMA Support: Disabled
 Compressed Oops: Enabled (32-bit)
 Alignments: Space 512K, Generation 512K, Heap 2M
 Heap Min Capacity: 100M
 Heap Initial Capacity: 100M
 Heap Max Capacity: 2G
 Pre-touch: Disabled
 Parallel Workers: 8
Heap:
 PSYoungGen      total 19968K, used 10443K [0x00000000d5580000, 0x00000000d6e80000, 0x0000000100000000)
  eden space 19456K, 51% used [0x00000000d5580000,0x00000000d5f3ed70,0x00000000d6880000)
  from space 512K, 90% used [0x00000000d6e00000,0x00000000d6e74010,0x00000000d6e80000)
  to   space 1024K, 0% used [0x00000000d6c80000,0x00000000d6c80000,0x00000000d6d80000)
 ParOldGen       total 68608K, used 45459K [0x0000000080000000, 0x0000000084300000, 0x00000000d5580000)
  object space 68608K, 66% used [0x0000000080000000,0x0000000082c64dc0,0x0000000084300000)
 Metaspace       used 69626K, committed 71040K, reserved 1114112K
  class space    used 8761K, committed 9408K, reserved 1048576K
GC Heap History (20 events):
Event: 150.200 GC heap before
{Heap before GC invocations=44 (full 3):
 PSYoungGen      total 19968K, used 19961K [0x00000000d5580000, 0x00000000d7000000, 0x0000000100000000)
  eden space 19456K, 100% used [0x00000000d5580000,0x00000000d6880000,0x00000000d6880000)
  from space 512K, 98% used [0x00000000d6f80000,0x00000000d6ffe650,0x00000000d7000000)
  to   space 1024K, 0% used [0x00000000d6e00000,0x00000000d6e00000,0x00000000d6f00000)
 ParOldGen       total 68608K, used 43230K [0x0000000080000000, 0x0000000084300000, 0x00000000d5580000)
  object space 68608K, 63% used [0x0000000080000000,0x0000000082a37968,0x0000000084300000)
 Metaspace       used 65804K, committed 67136K, reserved 1114112K
  class space    used 8244K, committed 8832K, reserved 1048576K
}
Event: 150.201 GC heap after
{Heap after GC invocations=44 (full 3):
 PSYoungGen      total 20480K, used 261K [0x00000000d5580000, 0x00000000d7000000, 0x0000000100000000)
  eden space 19456K, 0% used [0x00000000d5580000,0x00000000d5580000,0x00000000d6880000)
  from space 1024K, 25% used [0x00000000d6e00000,0x00000000d6e414e8,0x00000000d6f00000)
  to   space 512K, 0% used [0x00000000d6f80000,0x00000000d6f80000,0x00000000d7000000)
 ParOldGen       total 68608K, used 43392K [0x0000000080000000, 0x0000000084300000, 0x00000000d5580000)
  object space 68608K, 63% used [0x0000000080000000,0x0000000082a602c0,0x0000000084300000)
 Metaspace       used 65804K, committed 67136K, reserved 1114112K
  class space    used 8244K, committed 8832K, reserved 1048576K
}
Event: 150.701 GC heap before
{Heap before GC invocations=45 (full 3):
 PSYoungGen      total 20480K, used 19717K [0x00000000d5580000, 0x00000000d7000000, 0x0000000100000000)
  eden space 19456K, 100% used [0x00000000d5580000,0x00000000d6880000,0x00000000d6880000)
  from space 1024K, 25% used [0x00000000d6e00000,0x00000000d6e414e8,0x00000000d6f00000)
  to   space 512K, 0% used [0x00000000d6f80000,0x00000000d6f80000,0x00000000d7000000)
 ParOldGen       total 68608K, used 43392K [0x0000000080000000, 0x0000000084300000, 0x00000000d5580000)
  object space 68608K, 63% used [0x0000000080000000,0x0000000082a602c0,0x0000000084300000)
 Metaspace       used 65804K, committed 67136K, reserved 1114112K
  class space    used 8244K, committed 8832K, reserved 1048576K
}
Event: 150.707 GC heap after
{Heap after GC invocations=45 (full 3):
 PSYoungGen      total 19968K, used 324K [0x00000000d5580000, 0x00000000d7000000, 0x0000000100000000)
  eden space 19456K, 0% used [0x00000000d5580000,0x00000000d5580000,0x00000000d6880000)
  from space 512K, 63% used [0x00000000d6f80000,0x00000000d6fd1390,0x00000000d7000000)
  to   space 512K, 0% used [0x00000000d6f00000,0x00000000d6f00000,0x00000000d6f80000)
 ParOldGen       total 68608K, used 43466K [0x0000000080000000, 0x0000000084300000, 0x00000000d5580000)
  object space 68608K, 63% used [0x0000000080000000,0x0000000082a72b28,0x0000000084300000)
 Metaspace       used 65804K, committed 67136K, reserved 1114112K
  class space    used 8244K, committed 8832K, reserved 1048576K
}
Event: 151.064 GC heap before
{Heap before GC invocations=46 (full 3):
 PSYoungGen      total 19968K, used 19780K [0x00000000d5580000, 0x00000000d7000000, 0x0000000100000000)
  eden space 19456K, 100% used [0x00000000d5580000,0x00000000d6880000,0x00000000d6880000)
  from space 512K, 63% used [0x00000000d6f80000,0x00000000d6fd1390,0x00000000d7000000)
  to   space 512K, 0% used [0x00000000d6f00000,0x00000000d6f00000,0x00000000d6f80000)
 ParOldGen       total 68608K, used 43466K [0x0000000080000000, 0x0000000084300000, 0x00000000d5580000)
  object space 68608K, 63% used [0x0000000080000000,0x0000000082a72b28,0x0000000084300000)
 Metaspace       used 65804K, committed 67136K, reserved 1114112K
  class space    used 8244K, committed 8832K, reserved 1048576K
}
Event: 151.067 GC heap after
{Heap after GC invocations=46 (full 3):
 PSYoungGen      total 19968K, used 511K [0x00000000d5580000, 0x00000000d7000000, 0x0000000100000000)
  eden space 19456K, 0% used [0x00000000d5580000,0x00000000d5580000,0x00000000d6880000)
  from space 512K, 99% used [0x00000000d6f00000,0x00000000d6f7fd28,0x00000000d6f80000)
  to   space 512K, 0% used [0x00000000d6f80000,0x00000000d6f80000,0x00000000d7000000)
 ParOldGen       total 68608K, used 43817K [0x0000000080000000, 0x0000000084300000, 0x00000000d5580000)
  object space 68608K, 63% used [0x0000000080000000,0x0000000082aca588,0x0000000084300000)
 Metaspace       used 65804K, committed 67136K, reserved 1114112K
  class space    used 8244K, committed 8832K, reserved 1048576K
}
Event: 151.296 GC heap before
{Heap before GC invocations=47 (full 3):
 PSYoungGen      total 19968K, used 19967K [0x00000000d5580000, 0x00000000d7000000, 0x0000000100000000)
  eden space 19456K, 100% used [0x00000000d5580000,0x00000000d6880000,0x00000000d6880000)
  from space 512K, 99% used [0x00000000d6f00000,0x00000000d6f7fd28,0x00000000d6f80000)
  to   space 512K, 0% used [0x00000000d6f80000,0x00000000d6f80000,0x00000000d7000000)
 ParOldGen       total 68608K, used 43817K [0x0000000080000000, 0x0000000084300000, 0x00000000d5580000)
  object space 68608K, 63% used [0x0000000080000000,0x0000000082aca588,0x0000000084300000)
 Metaspace       used 65804K, committed 67136K, reserved 1114112K
  class space    used 8244K, committed 8832K, reserved 1048576K
}
Event: 151.297 GC heap after
{Heap after GC invocations=47 (full 3):
 PSYoungGen      total 19968K, used 504K [0x00000000d5580000, 0x00000000d7000000, 0x0000000100000000)
  eden space 19456K, 0% used [0x00000000d5580000,0x00000000d5580000,0x00000000d6880000)
  from space 512K, 98% used [0x00000000d6f80000,0x00000000d6ffe130,0x00000000d7000000)
  to   space 1536K, 0% used [0x00000000d6d00000,0x00000000d6d00000,0x00000000d6e80000)
 ParOldGen       total 68608K, used 44497K [0x0000000080000000, 0x0000000084300000, 0x00000000d5580000)
  object space 68608K, 64% used [0x0000000080000000,0x0000000082b74518,0x0000000084300000)
 Metaspace       used 65804K, committed 67136K, reserved 1114112K
  class space    used 8244K, committed 8832K, reserved 1048576K
}
Event: 151.461 GC heap before
{Heap before GC invocations=48 (full 3):
 PSYoungGen      total 19968K, used 19960K [0x00000000d5580000, 0x00000000d7000000, 0x0000000100000000)
  eden space 19456K, 100% used [0x00000000d5580000,0x00000000d6880000,0x00000000d6880000)
  from space 512K, 98% used [0x00000000d6f80000,0x00000000d6ffe130,0x00000000d7000000)
  to   space 1536K, 0% used [0x00000000d6d00000,0x00000000d6d00000,0x00000000d6e80000)
 ParOldGen       total 68608K, used 44497K [0x0000000080000000, 0x0000000084300000, 0x00000000d5580000)
  object space 68608K, 64% used [0x0000000080000000,0x0000000082b74518,0x0000000084300000)
 Metaspace       used 65804K, committed 67136K, reserved 1114112K
  class space    used 8244K, committed 8832K, reserved 1048576K
}
Event: 151.462 GC heap after
{Heap after GC invocations=48 (full 3):
 PSYoungGen      total 20992K, used 954K [0x00000000d5580000, 0x00000000d7000000, 0x0000000100000000)
  eden space 19456K, 0% used [0x00000000d5580000,0x00000000d5580000,0x00000000d6880000)
  from space 1536K, 62% used [0x00000000d6d00000,0x00000000d6dee8f0,0x00000000d6e80000)
  to   space 1536K, 0% used [0x00000000d6e80000,0x00000000d6e80000,0x00000000d7000000)
 ParOldGen       total 68608K, used 44529K [0x0000000080000000, 0x0000000084300000, 0x00000000d5580000)
  object space 68608K, 64% used [0x0000000080000000,0x0000000082b7c518,0x0000000084300000)
 Metaspace       used 65804K, committed 67136K, reserved 1114112K
  class space    used 8244K, committed 8832K, reserved 1048576K
}
Event: 151.667 GC heap before
{Heap before GC invocations=49 (full 3):
 PSYoungGen      total 20992K, used 20410K [0x00000000d5580000, 0x00000000d7000000, 0x0000000100000000)
  eden space 19456K, 100% used [0x00000000d5580000,0x00000000d6880000,0x00000000d6880000)
  from space 1536K, 62% used [0x00000000d6d00000,0x00000000d6dee8f0,0x00000000d6e80000)
  to   space 1536K, 0% used [0x00000000d6e80000,0x00000000d6e80000,0x00000000d7000000)
 ParOldGen       total 68608K, used 44529K [0x0000000080000000, 0x0000000084300000, 0x00000000d5580000)
  object space 68608K, 64% used [0x0000000080000000,0x0000000082b7c518,0x0000000084300000)
 Metaspace       used 65804K, committed 67136K, reserved 1114112K
  class space    used 8244K, committed 8832K, reserved 1048576K
}
Event: 151.668 GC heap after
{Heap after GC invocations=49 (full 3):
 PSYoungGen      total 20480K, used 666K [0x00000000d5580000, 0x00000000d6f80000, 0x0000000100000000)
  eden space 19456K, 0% used [0x00000000d5580000,0x00000000d5580000,0x00000000d6880000)
  from space 1024K, 65% used [0x00000000d6e80000,0x00000000d6f26a18,0x00000000d6f80000)
  to   space 1024K, 0% used [0x00000000d6d80000,0x00000000d6d80000,0x00000000d6e80000)
 ParOldGen       total 68608K, used 44593K [0x0000000080000000, 0x0000000084300000, 0x00000000d5580000)
  object space 68608K, 64% used [0x0000000080000000,0x0000000082b8c518,0x0000000084300000)
 Metaspace       used 65804K, committed 67136K, reserved 1114112K
  class space    used 8244K, committed 8832K, reserved 1048576K
}
Event: 151.936 GC heap before
{Heap before GC invocations=50 (full 3):
 PSYoungGen      total 20480K, used 20122K [0x00000000d5580000, 0x00000000d6f80000, 0x0000000100000000)
  eden space 19456K, 100% used [0x00000000d5580000,0x00000000d6880000,0x00000000d6880000)
  from space 1024K, 65% used [0x00000000d6e80000,0x00000000d6f26a18,0x00000000d6f80000)
  to   space 1024K, 0% used [0x00000000d6d80000,0x00000000d6d80000,0x00000000d6e80000)
 ParOldGen       total 68608K, used 44593K [0x0000000080000000, 0x0000000084300000, 0x00000000d5580000)
  object space 68608K, 64% used [0x0000000080000000,0x0000000082b8c518,0x0000000084300000)
 Metaspace       used 65804K, committed 67136K, reserved 1114112K
  class space    used 8244K, committed 8832K, reserved 1048576K
}
Event: 151.937 GC heap after
{Heap after GC invocations=50 (full 3):
 PSYoungGen      total 19968K, used 418K [0x00000000d5580000, 0x00000000d6f00000, 0x0000000100000000)
  eden space 19456K, 0% used [0x00000000d5580000,0x00000000d5580000,0x00000000d6880000)
  from space 512K, 81% used [0x00000000d6d80000,0x00000000d6de88c8,0x00000000d6e00000)
  to   space 1024K, 0% used [0x00000000d6e00000,0x00000000d6e00000,0x00000000d6f00000)
 ParOldGen       total 68608K, used 44617K [0x0000000080000000, 0x0000000084300000, 0x00000000d5580000)
  object space 68608K, 65% used [0x0000000080000000,0x0000000082b92518,0x0000000084300000)
 Metaspace       used 65804K, committed 67136K, reserved 1114112K
  class space    used 8244K, committed 8832K, reserved 1048576K
}
Event: 152.209 GC heap before
{Heap before GC invocations=51 (full 3):
 PSYoungGen      total 19968K, used 19874K [0x00000000d5580000, 0x00000000d6f00000, 0x0000000100000000)
  eden space 19456K, 100% used [0x00000000d5580000,0x00000000d6880000,0x00000000d6880000)
  from space 512K, 81% used [0x00000000d6d80000,0x00000000d6de88c8,0x00000000d6e00000)
  to   space 1024K, 0% used [0x00000000d6e00000,0x00000000d6e00000,0x00000000d6f00000)
 ParOldGen       total 68608K, used 44617K [0x0000000080000000, 0x0000000084300000, 0x00000000d5580000)
  object space 68608K, 65% used [0x0000000080000000,0x0000000082b92518,0x0000000084300000)
 Metaspace       used 65804K, committed 67136K, reserved 1114112K
  class space    used 8244K, committed 8832K, reserved 1048576K
}
Event: 152.269 GC heap after
{Heap after GC invocations=51 (full 3):
 PSYoungGen      total 19968K, used 256K [0x00000000d5580000, 0x00000000d6e80000, 0x0000000100000000)
  eden space 19456K, 0% used [0x00000000d5580000,0x00000000d5580000,0x00000000d6880000)
  from space 512K, 50% used [0x00000000d6e00000,0x00000000d6e40000,0x00000000d6e80000)
  to   space 512K, 0% used [0x00000000d6d80000,0x00000000d6d80000,0x00000000d6e00000)
 ParOldGen       total 68608K, used 44683K [0x0000000080000000, 0x0000000084300000, 0x00000000d5580000)
  object space 68608K, 65% used [0x0000000080000000,0x0000000082ba2d80,0x0000000084300000)
 Metaspace       used 65804K, committed 67136K, reserved 1114112K
  class space    used 8244K, committed 8832K, reserved 1048576K
}
Event: 156.016 GC heap before
{Heap before GC invocations=52 (full 3):
 PSYoungGen      total 19968K, used 19712K [0x00000000d5580000, 0x00000000d6e80000, 0x0000000100000000)
  eden space 19456K, 100% used [0x00000000d5580000,0x00000000d6880000,0x00000000d6880000)
  from space 512K, 50% used [0x00000000d6e00000,0x00000000d6e40000,0x00000000d6e80000)
  to   space 512K, 0% used [0x00000000d6d80000,0x00000000d6d80000,0x00000000d6e00000)
 ParOldGen       total 68608K, used 44683K [0x0000000080000000, 0x0000000084300000, 0x00000000d5580000)
  object space 68608K, 65% used [0x0000000080000000,0x0000000082ba2d80,0x0000000084300000)
 Metaspace       used 67787K, committed 69120K, reserved 1114112K
  class space    used 8558K, committed 9152K, reserved 1048576K
}
Event: 156.035 GC heap after
{Heap after GC invocations=52 (full 3):
 PSYoungGen      total 19968K, used 480K [0x00000000d5580000, 0x00000000d6e80000, 0x0000000100000000)
  eden space 19456K, 0% used [0x00000000d5580000,0x00000000d5580000,0x00000000d6880000)
  from space 512K, 93% used [0x00000000d6d80000,0x00000000d6df8010,0x00000000d6e00000)
  to   space 512K, 0% used [0x00000000d6e00000,0x00000000d6e00000,0x00000000d6e80000)
 ParOldGen       total 68608K, used 44987K [0x0000000080000000, 0x0000000084300000, 0x00000000d5580000)
  object space 68608K, 65% used [0x0000000080000000,0x0000000082beed90,0x0000000084300000)
 Metaspace       used 67787K, committed 69120K, reserved 1114112K
  class space    used 8558K, committed 9152K, reserved 1048576K
}
Event: 194.832 GC heap before
{Heap before GC invocations=53 (full 3):
 PSYoungGen      total 19968K, used 19936K [0x00000000d5580000, 0x00000000d6e80000, 0x0000000100000000)
  eden space 19456K, 100% used [0x00000000d5580000,0x00000000d6880000,0x00000000d6880000)
  from space 512K, 93% used [0x00000000d6d80000,0x00000000d6df8010,0x00000000d6e00000)
  to   space 512K, 0% used [0x00000000d6e00000,0x00000000d6e00000,0x00000000d6e80000)
 ParOldGen       total 68608K, used 44987K [0x0000000080000000, 0x0000000084300000, 0x00000000d5580000)
  object space 68608K, 65% used [0x0000000080000000,0x0000000082beed90,0x0000000084300000)
 Metaspace       used 69511K, committed 70912K, reserved 1114112K
  class space    used 8756K, committed 9408K, reserved 1048576K
}
Event: 194.834 GC heap after
{Heap after GC invocations=53 (full 3):
 PSYoungGen      total 19968K, used 464K [0x00000000d5580000, 0x00000000d6e80000, 0x0000000100000000)
  eden space 19456K, 0% used [0x00000000d5580000,0x00000000d5580000,0x00000000d6880000)
  from space 512K, 90% used [0x00000000d6e00000,0x00000000d6e74010,0x00000000d6e80000)
  to   space 1024K, 0% used [0x00000000d6c80000,0x00000000d6c80000,0x00000000d6d80000)
 ParOldGen       total 68608K, used 45459K [0x0000000080000000, 0x0000000084300000, 0x00000000d5580000)
  object space 68608K, 66% used [0x0000000080000000,0x0000000082c64dc0,0x0000000084300000)
 Metaspace       used 69511K, committed 70912K, reserved 1114112K
  class space    used 8756K, committed 9408K, reserved 1048576K
}

