# JRE version: OpenJDK Runtime Environment (8.0_482-b08) (build 1.8.0_482-b08)
# Java VM: OpenJDK 64-Bit Server VM (25.482-b08 mixed mode windows-amd64 compressed oops)
Heap:
 PSYoungGen      total 315904K, used 46935K [0x00000000d5580000, 0x00000000ead00000, 0x0000000100000000)
  eden space 284160K, 8% used [0x00000000d5580000,0x00000000d6d309a0,0x00000000e6b00000)
  from space 31744K, 71% used [0x00000000e8e00000,0x00000000ea4254e0,0x00000000ead00000)
  to   space 33792K, 0% used [0x00000000e6b00000,0x00000000e6b00000,0x00000000e8c00000)
 ParOldGen       total 261632K, used 77688K [0x0000000080000000, 0x000000008ff80000, 0x00000000d5580000)
  object space 261632K, 29% used [0x0000000080000000,0x0000000084bde090,0x000000008ff80000)
 Metaspace       used 123438K, capacity 132112K, committed 132224K, reserved 1163264K
  class space    used 16090K, capacity 17515K, committed 17536K, reserved 1048576K
GC Heap History (68 events):
Event: 1.511 GC heap before
{Heap before GC invocations=1 (full 0):
 PSYoungGen      total 47616K, used 40960K [0x00000000d5580000, 0x00000000d8a80000, 0x0000000100000000)
  eden space 40960K, 100% used [0x00000000d5580000,0x00000000d7d80000,0x00000000d7d80000)
  from space 6656K, 0% used [0x00000000d8400000,0x00000000d8400000,0x00000000d8a80000)
  to   space 6656K, 0% used [0x00000000d7d80000,0x00000000d7d80000,0x00000000d8400000)
 ParOldGen       total 109568K, used 0K [0x0000000080000000, 0x0000000086b00000, 0x00000000d5580000)
  object space 109568K, 0% used [0x0000000080000000,0x0000000080000000,0x0000000086b00000)
 Metaspace       used 5309K, capacity 5478K, committed 5760K, reserved 1056768K
  class space    used 540K, capacity 613K, committed 640K, reserved 1048576K
Event: 1.516 GC heap after
Heap after GC invocations=1 (full 0):
 PSYoungGen      total 47616K, used 2312K [0x00000000d5580000, 0x00000000d8a80000, 0x0000000100000000)
  eden space 40960K, 0% used [0x00000000d5580000,0x00000000d5580000,0x00000000d7d80000)
  from space 6656K, 34% used [0x00000000d7d80000,0x00000000d7fc23a8,0x00000000d8400000)
  to   space 6656K, 0% used [0x00000000d8400000,0x00000000d8400000,0x00000000d8a80000)
 ParOldGen       total 109568K, used 8K [0x0000000080000000, 0x0000000086b00000, 0x00000000d5580000)
  object space 109568K, 0% used [0x0000000080000000,0x0000000080002000,0x0000000086b00000)
 Metaspace       used 5309K, capacity 5478K, committed 5760K, reserved 1056768K
  class space    used 540K, capacity 613K, committed 640K, reserved 1048576K
}
Event: 3.194 GC heap before
{Heap before GC invocations=2 (full 0):
 PSYoungGen      total 47616K, used 43272K [0x00000000d5580000, 0x00000000d8a80000, 0x0000000100000000)
  eden space 40960K, 100% used [0x00000000d5580000,0x00000000d7d80000,0x00000000d7d80000)
  from space 6656K, 34% used [0x00000000d7d80000,0x00000000d7fc23a8,0x00000000d8400000)
  to   space 6656K, 0% used [0x00000000d8400000,0x00000000d8400000,0x00000000d8a80000)
 ParOldGen       total 109568K, used 8K [0x0000000080000000, 0x0000000086b00000, 0x00000000d5580000)
  object space 109568K, 0% used [0x0000000080000000,0x0000000080002000,0x0000000086b00000)
 Metaspace       used 8916K, capacity 9170K, committed 9472K, reserved 1056768K
  class space    used 1062K, capacity 1161K, committed 1280K, reserved 1048576K
Event: 3.204 GC heap after
Heap after GC invocations=2 (full 0):
 PSYoungGen      total 47616K, used 5689K [0x00000000d5580000, 0x00000000d8a80000, 0x0000000100000000)
  eden space 40960K, 0% used [0x00000000d5580000,0x00000000d5580000,0x00000000d7d80000)
  from space 6656K, 85% used [0x00000000d8400000,0x00000000d898e7a0,0x00000000d8a80000)
  to   space 6656K, 0% used [0x00000000d7d80000,0x00000000d7d80000,0x00000000d8400000)
 ParOldGen       total 109568K, used 16K [0x0000000080000000, 0x0000000086b00000, 0x00000000d5580000)
  object space 109568K, 0% used [0x0000000080000000,0x0000000080004000,0x0000000086b00000)
 Metaspace       used 8916K, capacity 9170K, committed 9472K, reserved 1056768K
  class space    used 1062K, capacity 1161K, committed 1280K, reserved 1048576K
}
Event: 3.660 GC heap before
{Heap before GC invocations=3 (full 0):
 PSYoungGen      total 47616K, used 46649K [0x00000000d5580000, 0x00000000d8a80000, 0x0000000100000000)
  eden space 40960K, 100% used [0x00000000d5580000,0x00000000d7d80000,0x00000000d7d80000)
  from space 6656K, 85% used [0x00000000d8400000,0x00000000d898e7a0,0x00000000d8a80000)
  to   space 6656K, 0% used [0x00000000d7d80000,0x00000000d7d80000,0x00000000d8400000)
 ParOldGen       total 109568K, used 16K [0x0000000080000000, 0x0000000086b00000, 0x00000000d5580000)
  object space 109568K, 0% used [0x0000000080000000,0x0000000080004000,0x0000000086b00000)
 Metaspace       used 8958K, capacity 9170K, committed 9472K, reserved 1056768K
  class space    used 1063K, capacity 1161K, committed 1280K, reserved 1048576K
Event: 3.663 GC heap after
Heap after GC invocations=3 (full 0):
 PSYoungGen      total 47616K, used 3876K [0x00000000d5580000, 0x00000000d8a80000, 0x0000000100000000)
  eden space 40960K, 0% used [0x00000000d5580000,0x00000000d5580000,0x00000000d7d80000)
  from space 6656K, 58% used [0x00000000d7d80000,0x00000000d8149398,0x00000000d8400000)
  to   space 6656K, 0% used [0x00000000d8400000,0x00000000d8400000,0x00000000d8a80000)
 ParOldGen       total 109568K, used 24K [0x0000000080000000, 0x0000000086b00000, 0x00000000d5580000)
  object space 109568K, 0% used [0x0000000080000000,0x0000000080006000,0x0000000086b00000)
 Metaspace       used 8958K, capacity 9170K, committed 9472K, reserved 1056768K
  class space    used 1063K, capacity 1161K, committed 1280K, reserved 1048576K
}
Event: 4.160 GC heap before
{Heap before GC invocations=4 (full 0):
 PSYoungGen      total 47616K, used 44836K [0x00000000d5580000, 0x00000000d8a80000, 0x0000000100000000)
  eden space 40960K, 100% used [0x00000000d5580000,0x00000000d7d80000,0x00000000d7d80000)
  from space 6656K, 58% used [0x00000000d7d80000,0x00000000d8149398,0x00000000d8400000)
  to   space 6656K, 0% used [0x00000000d8400000,0x00000000d8400000,0x00000000d8a80000)
 ParOldGen       total 109568K, used 24K [0x0000000080000000, 0x0000000086b00000, 0x00000000d5580000)
  object space 109568K, 0% used [0x0000000080000000,0x0000000080006000,0x0000000086b00000)
 Metaspace       used 9011K, capacity 9238K, committed 9472K, reserved 1056768K
  class space    used 1065K, capacity 1161K, committed 1280K, reserved 1048576K
Event: 4.165 GC heap after
Heap after GC invocations=4 (full 0):
 PSYoungGen      total 47616K, used 4763K [0x00000000d5580000, 0x00000000d8a80000, 0x0000000100000000)
  eden space 40960K, 0% used [0x00000000d5580000,0x00000000d5580000,0x00000000d7d80000)
  from space 6656K, 71% used [0x00000000d8400000,0x00000000d88a6d18,0x00000000d8a80000)
  to   space 6656K, 0% used [0x00000000d7d80000,0x00000000d7d80000,0x00000000d8400000)
 ParOldGen       total 109568K, used 32K [0x0000000080000000, 0x0000000086b00000, 0x00000000d5580000)
  object space 109568K, 0% used [0x0000000080000000,0x0000000080008000,0x0000000086b00000)
 Metaspace       used 9011K, capacity 9238K, committed 9472K, reserved 1056768K
  class space    used 1065K, capacity 1161K, committed 1280K, reserved 1048576K
}
Event: 4.515 GC heap before
{Heap before GC invocations=5 (full 0):
 PSYoungGen      total 47616K, used 45723K [0x00000000d5580000, 0x00000000d8a80000, 0x0000000100000000)
  eden space 40960K, 100% used [0x00000000d5580000,0x00000000d7d80000,0x00000000d7d80000)
  from space 6656K, 71% used [0x00000000d8400000,0x00000000d88a6d18,0x00000000d8a80000)
  to   space 6656K, 0% used [0x00000000d7d80000,0x00000000d7d80000,0x00000000d8400000)
 ParOldGen       total 109568K, used 32K [0x0000000080000000, 0x0000000086b00000, 0x00000000d5580000)
  object space 109568K, 0% used [0x0000000080000000,0x0000000080008000,0x0000000086b00000)
 Metaspace       used 10593K, capacity 10884K, committed 11264K, reserved 1058816K
  class space    used 1304K, capacity 1430K, committed 1536K, reserved 1048576K
Event: 4.521 GC heap after
Heap after GC invocations=5 (full 0):
 PSYoungGen      total 47104K, used 6500K [0x00000000d5580000, 0x00000000d8c00000, 0x0000000100000000)
  eden space 40448K, 0% used [0x00000000d5580000,0x00000000d5580000,0x00000000d7d00000)
  from space 6656K, 97% used [0x00000000d7d80000,0x00000000d83d91f8,0x00000000d8400000)
  to   space 7680K, 0% used [0x00000000d8480000,0x00000000d8480000,0x00000000d8c00000)
 ParOldGen       total 109568K, used 40K [0x0000000080000000, 0x0000000086b00000, 0x00000000d5580000)
  object space 109568K, 0% used [0x0000000080000000,0x000000008000a000,0x0000000086b00000)
 Metaspace       used 10593K, capacity 10884K, committed 11264K, reserved 1058816K
  class space    used 1304K, capacity 1430K, committed 1536K, reserved 1048576K
}
Event: 5.941 GC heap before
{Heap before GC invocations=6 (full 0):
 PSYoungGen      total 47104K, used 46948K [0x00000000d5580000, 0x00000000d8c00000, 0x0000000100000000)
  eden space 40448K, 100% used [0x00000000d5580000,0x00000000d7d00000,0x00000000d7d00000)
  from space 6656K, 97% used [0x00000000d7d80000,0x00000000d83d91f8,0x00000000d8400000)
  to   space 7680K, 0% used [0x00000000d8480000,0x00000000d8480000,0x00000000d8c00000)
 ParOldGen       total 109568K, used 40K [0x0000000080000000, 0x0000000086b00000, 0x00000000d5580000)
  object space 109568K, 0% used [0x0000000080000000,0x000000008000a000,0x0000000086b00000)
 Metaspace       used 14652K, capacity 15046K, committed 15360K, reserved 1062912K
  class space    used 1852K, capacity 1983K, committed 2048K, reserved 1048576K
Event: 5.947 GC heap after
Heap after GC invocations=6 (full 0):
 PSYoungGen      total 46592K, used 7656K [0x00000000d5580000, 0x00000000d8e80000, 0x0000000100000000)
  eden space 38912K, 0% used [0x00000000d5580000,0x00000000d5580000,0x00000000d7b80000)
  from space 7680K, 99% used [0x00000000d8480000,0x00000000d8bfa220,0x00000000d8c00000)
  to   space 9216K, 0% used [0x00000000d7b80000,0x00000000d7b80000,0x00000000d8480000)
 ParOldGen       total 109568K, used 531K [0x0000000080000000, 0x0000000086b00000, 0x00000000d5580000)
  object space 109568K, 0% used [0x0000000080000000,0x0000000080084f68,0x0000000086b00000)
 Metaspace       used 14652K, capacity 15046K, committed 15360K, reserved 1062912K
  class space    used 1852K, capacity 1983K, committed 2048K, reserved 1048576K
}
Event: 6.378 GC heap before
{Heap before GC invocations=7 (full 0):
 PSYoungGen      total 46592K, used 46564K [0x00000000d5580000, 0x00000000d8e80000, 0x0000000100000000)
  eden space 38912K, 99% used [0x00000000d5580000,0x00000000d7b7f070,0x00000000d7b80000)
  from space 7680K, 99% used [0x00000000d8480000,0x00000000d8bfa220,0x00000000d8c00000)
  to   space 9216K, 0% used [0x00000000d7b80000,0x00000000d7b80000,0x00000000d8480000)
 ParOldGen       total 109568K, used 531K [0x0000000080000000, 0x0000000086b00000, 0x00000000d5580000)
  object space 109568K, 0% used [0x0000000080000000,0x0000000080084f68,0x0000000086b00000)
 Metaspace       used 17608K, capacity 18330K, committed 18432K, reserved 1064960K
  class space    used 2298K, capacity 2491K, committed 2560K, reserved 1048576K
Event: 6.383 GC heap after
Heap after GC invocations=7 (full 0):
 PSYoungGen      total 45568K, used 6945K [0x00000000d5580000, 0x00000000d8d00000, 0x0000000100000000)
  eden space 38400K, 0% used [0x00000000d5580000,0x00000000d5580000,0x00000000d7b00000)
  from space 7168K, 96% used [0x00000000d7b80000,0x00000000d82484f8,0x00000000d8280000)
  to   space 9216K, 0% used [0x00000000d8400000,0x00000000d8400000,0x00000000d8d00000)
 ParOldGen       total 109568K, used 2961K [0x0000000080000000, 0x0000000086b00000, 0x00000000d5580000)
  object space 109568K, 2% used [0x0000000080000000,0x00000000802e46d8,0x0000000086b00000)
 Metaspace       used 17608K, capacity 18330K, committed 18432K, reserved 1064960K
  class space    used 2298K, capacity 2491K, committed 2560K, reserved 1048576K
}
Event: 7.338 GC heap before
{Heap before GC invocations=8 (full 0):
 PSYoungGen      total 45568K, used 45345K [0x00000000d5580000, 0x00000000d8d00000, 0x0000000100000000)
  eden space 38400K, 100% used [0x00000000d5580000,0x00000000d7b00000,0x00000000d7b00000)
  from space 7168K, 96% used [0x00000000d7b80000,0x00000000d82484f8,0x00000000d8280000)
  to   space 9216K, 0% used [0x00000000d8400000,0x00000000d8400000,0x00000000d8d00000)
 ParOldGen       total 109568K, used 2961K [0x0000000080000000, 0x0000000086b00000, 0x00000000d5580000)
  object space 109568K, 2% used [0x0000000080000000,0x00000000802e46d8,0x0000000086b00000)
 Metaspace       used 19367K, capacity 20246K, committed 20480K, reserved 1067008K
  class space    used 2561K, capacity 2781K, committed 2816K, reserved 1048576K
Event: 7.342 GC heap after
Heap after GC invocations=8 (full 0):
 PSYoungGen      total 45568K, used 5455K [0x00000000d5580000, 0x00000000d8b80000, 0x0000000100000000)
  eden space 37888K, 0% used [0x00000000d5580000,0x00000000d5580000,0x00000000d7a80000)
  from space 7680K, 71% used [0x00000000d8400000,0x00000000d8953ca0,0x00000000d8b80000)
  to   space 8704K, 0% used [0x00000000d7a80000,0x00000000d7a80000,0x00000000d8300000)
 ParOldGen       total 109568K, used 4625K [0x0000000080000000, 0x0000000086b00000, 0x00000000d5580000)
  object space 109568K, 4% used [0x0000000080000000,0x00000000804846d8,0x0000000086b00000)
 Metaspace       used 19367K, capacity 20246K, committed 20480K, reserved 1067008K
  class space    used 2561K, capacity 2781K, committed 2816K, reserved 1048576K
}
Event: 7.550 GC heap before
{Heap before GC invocations=9 (full 0):
 PSYoungGen      total 45568K, used 30080K [0x00000000d5580000, 0x00000000d8b80000, 0x0000000100000000)
  eden space 37888K, 64% used [0x00000000d5580000,0x00000000d6d8c518,0x00000000d7a80000)
  from space 7680K, 71% used [0x00000000d8400000,0x00000000d8953ca0,0x00000000d8b80000)
  to   space 8704K, 0% used [0x00000000d7a80000,0x00000000d7a80000,0x00000000d8300000)
 ParOldGen       total 109568K, used 4625K [0x0000000080000000, 0x0000000086b00000, 0x00000000d5580000)
  object space 109568K, 4% used [0x0000000080000000,0x00000000804846d8,0x0000000086b00000)
 Metaspace       used 20451K, capacity 21268K, committed 21296K, reserved 1067008K
  class space    used 2747K, capacity 2942K, committed 2944K, reserved 1048576K
Event: 7.555 GC heap after
Heap after GC invocations=9 (full 0):
 PSYoungGen      total 46592K, used 2970K [0x00000000d5580000, 0x00000000da300000, 0x0000000100000000)
  eden space 37888K, 0% used [0x00000000d5580000,0x00000000d5580000,0x00000000d7a80000)
  from space 8704K, 34% used [0x00000000d7a80000,0x00000000d7d66b28,0x00000000d8300000)
  to   space 9216K, 0% used [0x00000000d9a00000,0x00000000d9a00000,0x00000000da300000)
 ParOldGen       total 109568K, used 6803K [0x0000000080000000, 0x0000000086b00000, 0x00000000d5580000)
  object space 109568K, 6% used [0x0000000080000000,0x00000000806a4ea0,0x0000000086b00000)
 Metaspace       used 20451K, capacity 21268K, committed 21296K, reserved 1067008K
  class space    used 2747K, capacity 2942K, committed 2944K, reserved 1048576K
}
Event: 7.555 GC heap before
{Heap before GC invocations=10 (full 1):
 PSYoungGen      total 46592K, used 2970K [0x00000000d5580000, 0x00000000da300000, 0x0000000100000000)
  eden space 37888K, 0% used [0x00000000d5580000,0x00000000d5580000,0x00000000d7a80000)
  from space 8704K, 34% used [0x00000000d7a80000,0x00000000d7d66b28,0x00000000d8300000)
  to   space 9216K, 0% used [0x00000000d9a00000,0x00000000d9a00000,0x00000000da300000)
 ParOldGen       total 109568K, used 6803K [0x0000000080000000, 0x0000000086b00000, 0x00000000d5580000)
  object space 109568K, 6% used [0x0000000080000000,0x00000000806a4ea0,0x0000000086b00000)
 Metaspace       used 20451K, capacity 21268K, committed 21296K, reserved 1067008K
  class space    used 2747K, capacity 2942K, committed 2944K, reserved 1048576K
Event: 7.611 GC heap after
Heap after GC invocations=10 (full 1):
 PSYoungGen      total 46592K, used 0K [0x00000000d5580000, 0x00000000da300000, 0x0000000100000000)
  eden space 37888K, 0% used [0x00000000d5580000,0x00000000d5580000,0x00000000d7a80000)
  from space 8704K, 0% used [0x00000000d7a80000,0x00000000d7a80000,0x00000000d8300000)
  to   space 9216K, 0% used [0x00000000d9a00000,0x00000000d9a00000,0x00000000da300000)
 ParOldGen       total 68608K, used 8810K [0x0000000080000000, 0x0000000084300000, 0x00000000d5580000)
  object space 68608K, 12% used [0x0000000080000000,0x000000008089a8a0,0x0000000084300000)
 Metaspace       used 20451K, capacity 21268K, committed 21296K, reserved 1067008K
  class space    used 2747K, capacity 2942K, committed 2944K, reserved 1048576K
}
Event: 7.862 GC heap before
{Heap before GC invocations=11 (full 1):
 PSYoungGen      total 46592K, used 37888K [0x00000000d5580000, 0x00000000da300000, 0x0000000100000000)
  eden space 37888K, 100% used [0x00000000d5580000,0x00000000d7a80000,0x00000000d7a80000)
  from space 8704K, 0% used [0x00000000d7a80000,0x00000000d7a80000,0x00000000d8300000)
  to   space 9216K, 0% used [0x00000000d9a00000,0x00000000d9a00000,0x00000000da300000)
 ParOldGen       total 68608K, used 8810K [0x0000000080000000, 0x0000000084300000, 0x00000000d5580000)
  object space 68608K, 12% used [0x0000000080000000,0x000000008089a8a0,0x0000000084300000)
 Metaspace       used 21572K, capacity 22580K, committed 22784K, reserved 1069056K
  class space    used 2949K, capacity 3220K, committed 3328K, reserved 1048576K
Event: 7.866 GC heap after
Heap after GC invocations=11 (full 1):
 PSYoungGen      total 54272K, used 2068K [0x00000000d5580000, 0x00000000d9c80000, 0x0000000100000000)
  eden space 51712K, 0% used [0x00000000d5580000,0x00000000d5580000,0x00000000d8800000)
  from space 2560K, 80% used [0x00000000d9a00000,0x00000000d9c05390,0x00000000d9c80000)
  to   space 9216K, 0% used [0x00000000d8a80000,0x00000000d8a80000,0x00000000d9380000)
 ParOldGen       total 68608K, used 8818K [0x0000000080000000, 0x0000000084300000, 0x00000000d5580000)
  object space 68608K, 12% used [0x0000000080000000,0x000000008089c8a0,0x0000000084300000)
 Metaspace       used 21572K, capacity 22580K, committed 22784K, reserved 1069056K
  class space    used 2949K, capacity 3220K, committed 3328K, reserved 1048576K
}
Event: 8.221 GC heap before
{Heap before GC invocations=12 (full 1):
 PSYoungGen      total 54272K, used 53780K [0x00000000d5580000, 0x00000000d9c80000, 0x0000000100000000)
  eden space 51712K, 100% used [0x00000000d5580000,0x00000000d8800000,0x00000000d8800000)
  from space 2560K, 80% used [0x00000000d9a00000,0x00000000d9c05390,0x00000000d9c80000)
  to   space 9216K, 0% used [0x00000000d8a80000,0x00000000d8a80000,0x00000000d9380000)
 ParOldGen       total 68608K, used 8818K [0x0000000080000000, 0x0000000084300000, 0x00000000d5580000)
  object space 68608K, 12% used [0x0000000080000000,0x000000008089c8a0,0x0000000084300000)
 Metaspace       used 24262K, capacity 25294K, committed 25600K, reserved 1071104K
  class space    used 3297K, capacity 3521K, committed 3584K, reserved 1048576K
Event: 8.225 GC heap after
Heap after GC invocations=12 (full 1):
 PSYoungGen      total 63488K, used 3595K [0x00000000d5580000, 0x00000000dac00000, 0x0000000100000000)
  eden space 54272K, 0% used [0x00000000d5580000,0x00000000d5580000,0x00000000d8a80000)
  from space 9216K, 39% used [0x00000000d8a80000,0x00000000d8e02c98,0x00000000d9380000)
  to   space 9216K, 0% used [0x00000000da300000,0x00000000da300000,0x00000000dac00000)
 ParOldGen       total 68608K, used 9448K [0x0000000080000000, 0x0000000084300000, 0x00000000d5580000)
  object space 68608K, 13% used [0x0000000080000000,0x000000008093a160,0x0000000084300000)
 Metaspace       used 24262K, capacity 25294K, committed 25600K, reserved 1071104K
  class space    used 3297K, capacity 3521K, committed 3584K, reserved 1048576K
}
Event: 8.718 GC heap before
{Heap before GC invocations=13 (full 1):
 PSYoungGen      total 63488K, used 57867K [0x00000000d5580000, 0x00000000dac00000, 0x0000000100000000)
  eden space 54272K, 100% used [0x00000000d5580000,0x00000000d8a80000,0x00000000d8a80000)
  from space 9216K, 39% used [0x00000000d8a80000,0x00000000d8e02c98,0x00000000d9380000)
  to   space 9216K, 0% used [0x00000000da300000,0x00000000da300000,0x00000000dac00000)
 ParOldGen       total 68608K, used 9448K [0x0000000080000000, 0x0000000084300000, 0x00000000d5580000)
  object space 68608K, 13% used [0x0000000080000000,0x000000008093a160,0x0000000084300000)
 Metaspace       used 25952K, capacity 26970K, committed 27136K, reserved 1073152K
  class space    used 3572K, capacity 3809K, committed 3840K, reserved 1048576K
Event: 8.723 GC heap after
Heap after GC invocations=13 (full 1):
 PSYoungGen      total 79872K, used 3116K [0x00000000d5580000, 0x00000000dae80000, 0x0000000100000000)
  eden space 70656K, 0% used [0x00000000d5580000,0x00000000d5580000,0x00000000d9a80000)
  from space 9216K, 33% used [0x00000000da300000,0x00000000da60b250,0x00000000dac00000)
  to   space 8704K, 0% used [0x00000000d9a80000,0x00000000d9a80000,0x00000000da300000)
 ParOldGen       total 68608K, used 10399K [0x0000000080000000, 0x0000000084300000, 0x00000000d5580000)
  object space 68608K, 15% used [0x0000000080000000,0x0000000080a27e18,0x0000000084300000)
 Metaspace       used 25952K, capacity 26970K, committed 27136K, reserved 1073152K
  class space    used 3572K, capacity 3809K, committed 3840K, reserved 1048576K
}
Event: 9.659 GC heap before
{Heap before GC invocations=14 (full 1):
 PSYoungGen      total 79872K, used 73772K [0x00000000d5580000, 0x00000000dae80000, 0x0000000100000000)
  eden space 70656K, 100% used [0x00000000d5580000,0x00000000d9a80000,0x00000000d9a80000)
  from space 9216K, 33% used [0x00000000da300000,0x00000000da60b250,0x00000000dac00000)
  to   space 8704K, 0% used [0x00000000d9a80000,0x00000000d9a80000,0x00000000da300000)
 ParOldGen       total 68608K, used 10399K [0x0000000080000000, 0x0000000084300000, 0x00000000d5580000)
  object space 68608K, 15% used [0x0000000080000000,0x0000000080a27e18,0x0000000084300000)
 Metaspace       used 30352K, capacity 31824K, committed 32000K, reserved 1077248K
  class space    used 4205K, capacity 4533K, committed 4608K, reserved 1048576K
Event: 9.666 GC heap after
Heap after GC invocations=14 (full 1):
 PSYoungGen      total 79360K, used 6480K [0x00000000d5580000, 0x00000000dc400000, 0x0000000100000000)
  eden space 70656K, 0% used [0x00000000d5580000,0x00000000d5580000,0x00000000d9a80000)
  from space 8704K, 74% used [0x00000000d9a80000,0x00000000da0d4270,0x00000000da300000)
  to   space 9216K, 0% used [0x00000000dbb00000,0x00000000dbb00000,0x00000000dc400000)
 ParOldGen       total 68608K, used 11539K [0x0000000080000000, 0x0000000084300000, 0x00000000d5580000)
  object space 68608K, 16% used [0x0000000080000000,0x0000000080b44e38,0x0000000084300000)
 Metaspace       used 30352K, capacity 31824K, committed 32000K, reserved 1077248K
  class space    used 4205K, capacity 4533K, committed 4608K, reserved 1048576K
}
Event: 10.649 GC heap before
{Heap before GC invocations=15 (full 1):
 PSYoungGen      total 79360K, used 69951K [0x00000000d5580000, 0x00000000dc400000, 0x0000000100000000)
  eden space 70656K, 89% used [0x00000000d5580000,0x00000000d937ba20,0x00000000d9a80000)
  from space 8704K, 74% used [0x00000000d9a80000,0x00000000da0d4270,0x00000000da300000)
  to   space 9216K, 0% used [0x00000000dbb00000,0x00000000dbb00000,0x00000000dc400000)
 ParOldGen       total 68608K, used 11539K [0x0000000080000000, 0x0000000084300000, 0x00000000d5580000)
  object space 68608K, 16% used [0x0000000080000000,0x0000000080b44e38,0x0000000084300000)
 Metaspace       used 33469K, capacity 35446K, committed 35496K, reserved 1079296K
  class space    used 4682K, capacity 5091K, committed 5120K, reserved 1048576K
Event: 10.660 GC heap after
Heap after GC invocations=15 (full 1):
 PSYoungGen      total 103936K, used 3649K [0x00000000d5580000, 0x00000000dc480000, 0x0000000100000000)
  eden space 94720K, 0% used [0x00000000d5580000,0x00000000d5580000,0x00000000db200000)
  from space 9216K, 39% used [0x00000000dbb00000,0x00000000dbe905e8,0x00000000dc400000)
  to   space 9216K, 0% used [0x00000000db200000,0x00000000db200000,0x00000000dbb00000)
 ParOldGen       total 68608K, used 15195K [0x0000000080000000, 0x0000000084300000, 0x00000000d5580000)
  object space 68608K, 22% used [0x0000000080000000,0x0000000080ed6e88,0x0000000084300000)
 Metaspace       used 33469K, capacity 35446K, committed 35496K, reserved 1079296K
  class space    used 4682K, capacity 5091K, committed 5120K, reserved 1048576K
}
Event: 10.660 GC heap before
{Heap before GC invocations=16 (full 2):
 PSYoungGen      total 103936K, used 3649K [0x00000000d5580000, 0x00000000dc480000, 0x0000000100000000)
  eden space 94720K, 0% used [0x00000000d5580000,0x00000000d5580000,0x00000000db200000)
  from space 9216K, 39% used [0x00000000dbb00000,0x00000000dbe905e8,0x00000000dc400000)
  to   space 9216K, 0% used [0x00000000db200000,0x00000000db200000,0x00000000dbb00000)
 ParOldGen       total 68608K, used 15195K [0x0000000080000000, 0x0000000084300000, 0x00000000d5580000)
  object space 68608K, 22% used [0x0000000080000000,0x0000000080ed6e88,0x0000000084300000)
 Metaspace       used 33469K, capacity 35446K, committed 35496K, reserved 1079296K
  class space    used 4682K, capacity 5091K, committed 5120K, reserved 1048576K
Event: 10.741 GC heap after
Heap after GC invocations=16 (full 2):
 PSYoungGen      total 103936K, used 0K [0x00000000d5580000, 0x00000000dc480000, 0x0000000100000000)
  eden space 94720K, 0% used [0x00000000d5580000,0x00000000d5580000,0x00000000db200000)
  from space 9216K, 0% used [0x00000000dbb00000,0x00000000dbb00000,0x00000000dc400000)
  to   space 9216K, 0% used [0x00000000db200000,0x00000000db200000,0x00000000dbb00000)
 ParOldGen       total 113664K, used 17246K [0x0000000080000000, 0x0000000086f00000, 0x00000000d5580000)
  object space 113664K, 15% used [0x0000000080000000,0x00000000810d7908,0x0000000086f00000)
 Metaspace       used 33467K, capacity 35440K, committed 35496K, reserved 1079296K
  class space    used 4682K, capacity 5090K, committed 5120K, reserved 1048576K
}
Event: 12.393 GC heap before
{Heap before GC invocations=17 (full 2):
 PSYoungGen      total 103936K, used 94720K [0x00000000d5580000, 0x00000000dc480000, 0x0000000100000000)
  eden space 94720K, 100% used [0x00000000d5580000,0x00000000db200000,0x00000000db200000)
  from space 9216K, 0% used [0x00000000dbb00000,0x00000000dbb00000,0x00000000dc400000)
  to   space 9216K, 0% used [0x00000000db200000,0x00000000db200000,0x00000000dbb00000)
 ParOldGen       total 113664K, used 17246K [0x0000000080000000, 0x0000000086f00000, 0x00000000d5580000)
  object space 113664K, 15% used [0x0000000080000000,0x00000000810d7908,0x0000000086f00000)
 Metaspace       used 39411K, capacity 41822K, committed 41984K, reserved 1085440K
  class space    used 5564K, capacity 6057K, committed 6144K, reserved 1048576K
Event: 12.400 GC heap after
Heap after GC invocations=17 (full 2):
 PSYoungGen      total 103936K, used 7863K [0x00000000d5580000, 0x00000000dd800000, 0x0000000100000000)
  eden space 94720K, 0% used [0x00000000d5580000,0x00000000d5580000,0x00000000db200000)
  from space 9216K, 85% used [0x00000000db200000,0x00000000db9adef8,0x00000000dbb00000)
  to   space 9728K, 0% used [0x00000000dce80000,0x00000000dce80000,0x00000000dd800000)
 ParOldGen       total 113664K, used 17254K [0x0000000080000000, 0x0000000086f00000, 0x00000000d5580000)
  object space 113664K, 15% used [0x0000000080000000,0x00000000810d9908,0x0000000086f00000)
 Metaspace       used 39411K, capacity 41822K, committed 41984K, reserved 1085440K
  class space    used 5564K, capacity 6057K, committed 6144K, reserved 1048576K
}
Event: 13.862 GC heap before
{Heap before GC invocations=18 (full 2):
 PSYoungGen      total 103936K, used 102583K [0x00000000d5580000, 0x00000000dd800000, 0x0000000100000000)
  eden space 94720K, 100% used [0x00000000d5580000,0x00000000db200000,0x00000000db200000)
  from space 9216K, 85% used [0x00000000db200000,0x00000000db9adef8,0x00000000dbb00000)
  to   space 9728K, 0% used [0x00000000dce80000,0x00000000dce80000,0x00000000dd800000)
 ParOldGen       total 113664K, used 17254K [0x0000000080000000, 0x0000000086f00000, 0x00000000d5580000)
  object space 113664K, 15% used [0x0000000080000000,0x00000000810d9908,0x0000000086f00000)
 Metaspace       used 46398K, capacity 49002K, committed 49152K, reserved 1091584K
  class space    used 6349K, capacity 6866K, committed 6912K, reserved 1048576K
Event: 13.884 GC heap after
Heap after GC invocations=18 (full 2):
 PSYoungGen      total 121856K, used 9724K [0x00000000d5580000, 0x00000000dde80000, 0x0000000100000000)
  eden space 112128K, 0% used [0x00000000d5580000,0x00000000d5580000,0x00000000dc300000)
  from space 9728K, 99% used [0x00000000dce80000,0x00000000dd7ff308,0x00000000dd800000)
  to   space 11776K, 0% used [0x00000000dc300000,0x00000000dc300000,0x00000000dce80000)
 ParOldGen       total 113664K, used 19436K [0x0000000080000000, 0x0000000086f00000, 0x00000000d5580000)
  object space 113664K, 17% used [0x0000000080000000,0x00000000812fb0b0,0x0000000086f00000)
 Metaspace       used 46398K, capacity 49002K, committed 49152K, reserved 1091584K
  class space    used 6349K, capacity 6866K, committed 6912K, reserved 1048576K
}
Event: 14.497 GC heap before
{Heap before GC invocations=19 (full 2):
 PSYoungGen      total 121856K, used 121852K [0x00000000d5580000, 0x00000000dde80000, 0x0000000100000000)
  eden space 112128K, 100% used [0x00000000d5580000,0x00000000dc300000,0x00000000dc300000)
  from space 9728K, 99% used [0x00000000dce80000,0x00000000dd7ff308,0x00000000dd800000)
  to   space 11776K, 0% used [0x00000000dc300000,0x00000000dc300000,0x00000000dce80000)
 ParOldGen       total 113664K, used 19436K [0x0000000080000000, 0x0000000086f00000, 0x00000000d5580000)
  object space 113664K, 17% used [0x0000000080000000,0x00000000812fb0b0,0x0000000086f00000)
 Metaspace       used 46437K, capacity 49066K, committed 49152K, reserved 1091584K
  class space    used 6350K, capacity 6866K, committed 6912K, reserved 1048576K
Event: 14.524 GC heap after
Heap after GC invocations=19 (full 2):
 PSYoungGen      total 123904K, used 5920K [0x00000000d5580000, 0x00000000df000000, 0x0000000100000000)
  eden space 112128K, 0% used [0x00000000d5580000,0x00000000d5580000,0x00000000dc300000)
  from space 11776K, 50% used [0x00000000dc300000,0x00000000dc8c8010,0x00000000dce80000)
  to   space 11264K, 0% used [0x00000000de500000,0x00000000de500000,0x00000000df000000)
 ParOldGen       total 113664K, used 27300K [0x0000000080000000, 0x0000000086f00000, 0x00000000d5580000)
  object space 113664K, 24% used [0x0000000080000000,0x0000000081aa9288,0x0000000086f00000)
 Metaspace       used 46437K, capacity 49066K, committed 49152K, reserved 1091584K
  class space    used 6350K, capacity 6866K, committed 6912K, reserved 1048576K
}
Event: 15.460 GC heap before
{Heap before GC invocations=20 (full 2):
 PSYoungGen      total 123904K, used 118048K [0x00000000d5580000, 0x00000000df000000, 0x0000000100000000)
  eden space 112128K, 100% used [0x00000000d5580000,0x00000000dc300000,0x00000000dc300000)
  from space 11776K, 50% used [0x00000000dc300000,0x00000000dc8c8010,0x00000000dce80000)
  to   space 11264K, 0% used [0x00000000de500000,0x00000000de500000,0x00000000df000000)
 ParOldGen       total 113664K, used 27300K [0x0000000080000000, 0x0000000086f00000, 0x00000000d5580000)
  object space 113664K, 24% used [0x0000000080000000,0x0000000081aa9288,0x0000000086f00000)
 Metaspace       used 47120K, capacity 50010K, committed 50304K, reserved 1093632K
  class space    used 6399K, capacity 6954K, committed 7040K, reserved 1048576K
Event: 15.475 GC heap after
Heap after GC invocations=20 (full 2):
 PSYoungGen      total 145920K, used 7120K [0x00000000d5580000, 0x00000000def80000, 0x0000000100000000)
  eden space 135168K, 0% used [0x00000000d5580000,0x00000000d5580000,0x00000000dd980000)
  from space 10752K, 66% used [0x00000000de500000,0x00000000debf4040,0x00000000def80000)
  to   space 11264K, 0% used [0x00000000dd980000,0x00000000dd980000,0x00000000de480000)
 ParOldGen       total 113664K, used 32604K [0x0000000080000000, 0x0000000086f00000, 0x00000000d5580000)
  object space 113664K, 28% used [0x0000000080000000,0x0000000081fd7288,0x0000000086f00000)
 Metaspace       used 47120K, capacity 50010K, committed 50304K, reserved 1093632K
  class space    used 6399K, capacity 6954K, committed 7040K, reserved 1048576K
}
Event: 17.809 GC heap before
{Heap before GC invocations=21 (full 2):
 PSYoungGen      total 145920K, used 142288K [0x00000000d5580000, 0x00000000def80000, 0x0000000100000000)
  eden space 135168K, 100% used [0x00000000d5580000,0x00000000dd980000,0x00000000dd980000)
  from space 10752K, 66% used [0x00000000de500000,0x00000000debf4040,0x00000000def80000)
  to   space 11264K, 0% used [0x00000000dd980000,0x00000000dd980000,0x00000000de480000)
 ParOldGen       total 113664K, used 32604K [0x0000000080000000, 0x0000000086f00000, 0x00000000d5580000)
  object space 113664K, 28% used [0x0000000080000000,0x0000000081fd7288,0x0000000086f00000)
 Metaspace       used 50159K, capacity 53652K, committed 54016K, reserved 1095680K
  class space    used 6843K, capacity 7564K, committed 7680K, reserved 1048576K
Event: 17.820 GC heap after
Heap after GC invocations=21 (full 2):
 PSYoungGen      total 146432K, used 6237K [0x00000000d5580000, 0x00000000e0700000, 0x0000000100000000)
  eden space 135168K, 0% used [0x00000000d5580000,0x00000000d5580000,0x00000000dd980000)
  from space 11264K, 55% used [0x00000000dd980000,0x00000000ddf975d8,0x00000000de480000)
  to   space 10752K, 0% used [0x00000000dfc80000,0x00000000dfc80000,0x00000000e0700000)
 ParOldGen       total 113664K, used 38397K [0x0000000080000000, 0x0000000086f00000, 0x00000000d5580000)
  object space 113664K, 33% used [0x0000000080000000,0x000000008257f488,0x0000000086f00000)
 Metaspace       used 50159K, capacity 53652K, committed 54016K, reserved 1095680K
  class space    used 6843K, capacity 7564K, committed 7680K, reserved 1048576K
}
Event: 18.639 GC heap before
{Heap before GC invocations=22 (full 2):
 PSYoungGen      total 146432K, used 141405K [0x00000000d5580000, 0x00000000e0700000, 0x0000000100000000)
  eden space 135168K, 100% used [0x00000000d5580000,0x00000000dd980000,0x00000000dd980000)
  from space 11264K, 55% used [0x00000000dd980000,0x00000000ddf975d8,0x00000000de480000)
  to   space 10752K, 0% used [0x00000000dfc80000,0x00000000dfc80000,0x00000000e0700000)
 ParOldGen       total 113664K, used 38397K [0x0000000080000000, 0x0000000086f00000, 0x00000000d5580000)
  object space 113664K, 33% used [0x0000000080000000,0x000000008257f488,0x0000000086f00000)
 Metaspace       used 53508K, capacity 57374K, committed 57472K, reserved 1099776K
  class space    used 7279K, capacity 8037K, committed 8064K, reserved 1048576K
Event: 18.646 GC heap after
Heap after GC invocations=22 (full 2):
 PSYoungGen      total 168960K, used 8019K [0x00000000d5580000, 0x00000000e0680000, 0x0000000100000000)
  eden space 158720K, 0% used [0x00000000d5580000,0x00000000d5580000,0x00000000df080000)
  from space 10240K, 78% used [0x00000000dfc80000,0x00000000e0454cf8,0x00000000e0680000)
  to   space 11264K, 0% used [0x00000000df080000,0x00000000df080000,0x00000000dfb80000)
 ParOldGen       total 113664K, used 38405K [0x0000000080000000, 0x0000000086f00000, 0x00000000d5580000)
  object space 113664K, 33% used [0x0000000080000000,0x0000000082581488,0x0000000086f00000)
 Metaspace       used 53508K, capacity 57374K, committed 57472K, reserved 1099776K
  class space    used 7279K, capacity 8037K, committed 8064K, reserved 1048576K
}
Event: 18.982 GC heap before
{Heap before GC invocations=23 (full 2):
 PSYoungGen      total 168960K, used 42787K [0x00000000d5580000, 0x00000000e0680000, 0x0000000100000000)
  eden space 158720K, 21% used [0x00000000d5580000,0x00000000d7774160,0x00000000df080000)
  from space 10240K, 78% used [0x00000000dfc80000,0x00000000e0454cf8,0x00000000e0680000)
  to   space 11264K, 0% used [0x00000000df080000,0x00000000df080000,0x00000000dfb80000)
 ParOldGen       total 113664K, used 38405K [0x0000000080000000, 0x0000000086f00000, 0x00000000d5580000)
  object space 113664K, 33% used [0x0000000080000000,0x0000000082581488,0x0000000086f00000)
 Metaspace       used 55248K, capacity 59132K, committed 59160K, reserved 1099776K
  class space    used 7524K, capacity 8302K, committed 8320K, reserved 1048576K
Event: 18.989 GC heap after
Heap after GC invocations=23 (full 2):
 PSYoungGen      total 169984K, used 8239K [0x00000000d5580000, 0x00000000e2500000, 0x0000000100000000)
  eden space 158720K, 0% used [0x00000000d5580000,0x00000000d5580000,0x00000000df080000)
  from space 11264K, 73% used [0x00000000df080000,0x00000000df88bf68,0x00000000dfb80000)
  to   space 11776K, 0% used [0x00000000e1980000,0x00000000e1980000,0x00000000e2500000)
 ParOldGen       total 113664K, used 38413K [0x0000000080000000, 0x0000000086f00000, 0x00000000d5580000)
  object space 113664K, 33% used [0x0000000080000000,0x0000000082583488,0x0000000086f00000)
 Metaspace       used 55248K, capacity 59132K, committed 59160K, reserved 1099776K
  class space    used 7524K, capacity 8302K, committed 8320K, reserved 1048576K
}
Event: 18.989 GC heap before
{Heap before GC invocations=24 (full 3):
 PSYoungGen      total 169984K, used 8239K [0x00000000d5580000, 0x00000000e2500000, 0x0000000100000000)
  eden space 158720K, 0% used [0x00000000d5580000,0x00000000d5580000,0x00000000df080000)
  from space 11264K, 73% used [0x00000000df080000,0x00000000df88bf68,0x00000000dfb80000)
  to   space 11776K, 0% used [0x00000000e1980000,0x00000000e1980000,0x00000000e2500000)
 ParOldGen       total 113664K, used 38413K [0x0000000080000000, 0x0000000086f00000, 0x00000000d5580000)
  object space 113664K, 33% used [0x0000000080000000,0x0000000082583488,0x0000000086f00000)
 Metaspace       used 55248K, capacity 59132K, committed 59160K, reserved 1099776K
  class space    used 7524K, capacity 8302K, committed 8320K, reserved 1048576K
Event: 19.234 GC heap after
Heap after GC invocations=24 (full 3):
 PSYoungGen      total 169984K, used 0K [0x00000000d5580000, 0x00000000e2500000, 0x0000000100000000)
  eden space 158720K, 0% used [0x00000000d5580000,0x00000000d5580000,0x00000000df080000)
  from space 11264K, 0% used [0x00000000df080000,0x00000000df080000,0x00000000dfb80000)
  to   space 11776K, 0% used [0x00000000e1980000,0x00000000e1980000,0x00000000e2500000)
 ParOldGen       total 173568K, used 40264K [0x0000000080000000, 0x000000008a980000, 0x00000000d5580000)
  object space 173568K, 23% used [0x0000000080000000,0x0000000082752378,0x000000008a980000)
 Metaspace       used 55116K, capacity 58734K, committed 59160K, reserved 1099776K
  class space    used 7482K, capacity 8168K, committed 8320K, reserved 1048576K
}
Event: 20.689 GC heap before
{Heap before GC invocations=25 (full 3):
 PSYoungGen      total 169984K, used 158720K [0x00000000d5580000, 0x00000000e2500000, 0x0000000100000000)
  eden space 158720K, 100% used [0x00000000d5580000,0x00000000df080000,0x00000000df080000)
  from space 11264K, 0% used [0x00000000df080000,0x00000000df080000,0x00000000dfb80000)
  to   space 11776K, 0% used [0x00000000e1980000,0x00000000e1980000,0x00000000e2500000)
 ParOldGen       total 173568K, used 40264K [0x0000000080000000, 0x000000008a980000, 0x00000000d5580000)
  object space 173568K, 23% used [0x0000000080000000,0x0000000082752378,0x000000008a980000)
 Metaspace       used 63372K, capacity 67072K, committed 67328K, reserved 1107968K
  class space    used 8977K, capacity 9675K, committed 9728K, reserved 1048576K
Event: 20.703 GC heap after
Heap after GC invocations=25 (full 3):
 PSYoungGen      total 194048K, used 10179K [0x00000000d5580000, 0x00000000e2380000, 0x0000000100000000)
  eden space 183808K, 0% used [0x00000000d5580000,0x00000000d5580000,0x00000000e0900000)
  from space 10240K, 99% used [0x00000000e1980000,0x00000000e2370d38,0x00000000e2380000)
  to   space 12288K, 0% used [0x00000000e0b80000,0x00000000e0b80000,0x00000000e1780000)
 ParOldGen       total 173568K, used 40272K [0x0000000080000000, 0x000000008a980000, 0x00000000d5580000)
  object space 173568K, 23% used [0x0000000080000000,0x0000000082754378,0x000000008a980000)
 Metaspace       used 63372K, capacity 67072K, committed 67328K, reserved 1107968K
  class space    used 8977K, capacity 9675K, committed 9728K, reserved 1048576K
}
Event: 23.501 GC heap before
{Heap before GC invocations=26 (full 3):
 PSYoungGen      total 194048K, used 193987K [0x00000000d5580000, 0x00000000e2380000, 0x0000000100000000)
  eden space 183808K, 100% used [0x00000000d5580000,0x00000000e0900000,0x00000000e0900000)
  from space 10240K, 99% used [0x00000000e1980000,0x00000000e2370d38,0x00000000e2380000)
  to   space 12288K, 0% used [0x00000000e0b80000,0x00000000e0b80000,0x00000000e1780000)
 ParOldGen       total 173568K, used 40272K [0x0000000080000000, 0x000000008a980000, 0x00000000d5580000)
  object space 173568K, 23% used [0x0000000080000000,0x0000000082754378,0x000000008a980000)
 Metaspace       used 71375K, capacity 75396K, committed 75648K, reserved 1114112K
  class space    used 9997K, capacity 10776K, committed 10880K, reserved 1048576K
Event: 23.549 GC heap after
Heap after GC invocations=26 (full 3):
 PSYoungGen      total 198656K, used 12282K [0x00000000d5580000, 0x00000000e4580000, 0x0000000100000000)
  eden space 186368K, 0% used [0x00000000d5580000,0x00000000d5580000,0x00000000e0b80000)
  from space 12288K, 99% used [0x00000000e0b80000,0x00000000e177ea68,0x00000000e1780000)
  to   space 15872K, 0% used [0x00000000e3600000,0x00000000e3600000,0x00000000e4580000)
 ParOldGen       total 173568K, used 45438K [0x0000000080000000, 0x000000008a980000, 0x00000000d5580000)
  object space 173568K, 26% used [0x0000000080000000,0x0000000082c5fbe0,0x000000008a980000)
 Metaspace       used 71375K, capacity 75396K, committed 75648K, reserved 1114112K
  class space    used 9997K, capacity 10776K, committed 10880K, reserved 1048576K
}
Event: 25.518 GC heap before
{Heap before GC invocations=27 (full 3):
 PSYoungGen      total 198656K, used 198650K [0x00000000d5580000, 0x00000000e4580000, 0x0000000100000000)
  eden space 186368K, 100% used [0x00000000d5580000,0x00000000e0b80000,0x00000000e0b80000)
  from space 12288K, 99% used [0x00000000e0b80000,0x00000000e177ea68,0x00000000e1780000)
  to   space 15872K, 0% used [0x00000000e3600000,0x00000000e3600000,0x00000000e4580000)
 ParOldGen       total 173568K, used 45438K [0x0000000080000000, 0x000000008a980000, 0x00000000d5580000)
  object space 173568K, 26% used [0x0000000080000000,0x0000000082c5fbe0,0x000000008a980000)
 Metaspace       used 77482K, capacity 81784K, committed 82048K, reserved 1120256K
  class space    used 10685K, capacity 11524K, committed 11648K, reserved 1048576K
Event: 25.553 GC heap after
Heap after GC invocations=27 (full 3):
 PSYoungGen      total 222208K, used 15853K [0x00000000d5580000, 0x00000000e5880000, 0x0000000100000000)
  eden space 206336K, 0% used [0x00000000d5580000,0x00000000d5580000,0x00000000e1f00000)
  from space 15872K, 99% used [0x00000000e3600000,0x00000000e457b7e8,0x00000000e4580000)
  to   space 23552K, 0% used [0x00000000e1f00000,0x00000000e1f00000,0x00000000e3600000)
 ParOldGen       total 173568K, used 60342K [0x0000000080000000, 0x000000008a980000, 0x00000000d5580000)
  object space 173568K, 34% used [0x0000000080000000,0x0000000083aeda90,0x000000008a980000)
 Metaspace       used 77482K, capacity 81784K, committed 82048K, reserved 1120256K
  class space    used 10685K, capacity 11524K, committed 11648K, reserved 1048576K
}
Event: 27.562 GC heap before
{Heap before GC invocations=28 (full 3):
 PSYoungGen      total 222208K, used 222189K [0x00000000d5580000, 0x00000000e5880000, 0x0000000100000000)
  eden space 206336K, 100% used [0x00000000d5580000,0x00000000e1f00000,0x00000000e1f00000)
  from space 15872K, 99% used [0x00000000e3600000,0x00000000e457b7e8,0x00000000e4580000)
  to   space 23552K, 0% used [0x00000000e1f00000,0x00000000e1f00000,0x00000000e3600000)
 ParOldGen       total 173568K, used 60342K [0x0000000080000000, 0x000000008a980000, 0x00000000d5580000)
  object space 173568K, 34% used [0x0000000080000000,0x0000000083aeda90,0x000000008a980000)
 Metaspace       used 88855K, capacity 94188K, committed 94464K, reserved 1130496K
  class space    used 11990K, capacity 12982K, committed 13056K, reserved 1048576K
Event: 27.590 GC heap after
Heap after GC invocations=28 (full 3):
 PSYoungGen      total 229888K, used 23537K [0x00000000d5580000, 0x00000000e7400000, 0x0000000100000000)
  eden space 206336K, 0% used [0x00000000d5580000,0x00000000d5580000,0x00000000e1f00000)
  from space 23552K, 99% used [0x00000000e1f00000,0x00000000e35fc7d0,0x00000000e3600000)
  to   space 30720K, 0% used [0x00000000e5600000,0x00000000e5600000,0x00000000e7400000)
 ParOldGen       total 173568K, used 69006K [0x0000000080000000, 0x000000008a980000, 0x00000000d5580000)
  object space 173568K, 39% used [0x0000000080000000,0x0000000084363810,0x000000008a980000)
 Metaspace       used 88855K, capacity 94188K, committed 94464K, reserved 1130496K
  class space    used 11990K, capacity 12982K, committed 13056K, reserved 1048576K
}
Event: 28.778 GC heap before
{Heap before GC invocations=29 (full 3):
 PSYoungGen      total 229888K, used 149660K [0x00000000d5580000, 0x00000000e7400000, 0x0000000100000000)
  eden space 206336K, 61% used [0x00000000d5580000,0x00000000dd0aaa88,0x00000000e1f00000)
  from space 23552K, 99% used [0x00000000e1f00000,0x00000000e35fc7d0,0x00000000e3600000)
  to   space 30720K, 0% used [0x00000000e5600000,0x00000000e5600000,0x00000000e7400000)
 ParOldGen       total 173568K, used 69006K [0x0000000080000000, 0x000000008a980000, 0x00000000d5580000)
  object space 173568K, 39% used [0x0000000080000000,0x0000000084363810,0x000000008a980000)
 Metaspace       used 92762K, capacity 98390K, committed 98560K, reserved 1134592K
  class space    used 12410K, capacity 13455K, committed 13568K, reserved 1048576K
Event: 28.804 GC heap after
Heap after GC invocations=29 (full 3):
 PSYoungGen      total 263168K, used 16050K [0x00000000d5580000, 0x00000000e7500000, 0x0000000100000000)
  eden space 232448K, 0% used [0x00000000d5580000,0x00000000d5580000,0x00000000e3880000)
  from space 30720K, 52% used [0x00000000e5600000,0x00000000e65aca20,0x00000000e7400000)
  to   space 30208K, 0% used [0x00000000e3880000,0x00000000e3880000,0x00000000e5600000)
 ParOldGen       total 173568K, used 83312K [0x0000000080000000, 0x000000008a980000, 0x00000000d5580000)
  object space 173568K, 47% used [0x0000000080000000,0x000000008515c118,0x000000008a980000)
 Metaspace       used 92762K, capacity 98390K, committed 98560K, reserved 1134592K
  class space    used 12410K, capacity 13455K, committed 13568K, reserved 1048576K
}
Event: 28.804 GC heap before
{Heap before GC invocations=30 (full 4):
 PSYoungGen      total 263168K, used 16050K [0x00000000d5580000, 0x00000000e7500000, 0x0000000100000000)
  eden space 232448K, 0% used [0x00000000d5580000,0x00000000d5580000,0x00000000e3880000)
  from space 30720K, 52% used [0x00000000e5600000,0x00000000e65aca20,0x00000000e7400000)
  to   space 30208K, 0% used [0x00000000e3880000,0x00000000e3880000,0x00000000e5600000)
 ParOldGen       total 173568K, used 83312K [0x0000000080000000, 0x000000008a980000, 0x00000000d5580000)
  object space 173568K, 47% used [0x0000000080000000,0x000000008515c118,0x000000008a980000)
 Metaspace       used 92762K, capacity 98390K, committed 98560K, reserved 1134592K
  class space    used 12410K, capacity 13455K, committed 13568K, reserved 1048576K
Event: 28.976 GC heap after
Heap after GC invocations=30 (full 4):
 PSYoungGen      total 263168K, used 0K [0x00000000d5580000, 0x00000000e7500000, 0x0000000100000000)
  eden space 232448K, 0% used [0x00000000d5580000,0x00000000d5580000,0x00000000e3880000)
  from space 30720K, 0% used [0x00000000e5600000,0x00000000e5600000,0x00000000e7400000)
  to   space 30208K, 0% used [0x00000000e3880000,0x00000000e3880000,0x00000000e5600000)
 ParOldGen       total 261632K, used 77656K [0x0000000080000000, 0x000000008ff80000, 0x00000000d5580000)
  object space 261632K, 29% used [0x0000000080000000,0x0000000084bd6090,0x000000008ff80000)
 Metaspace       used 92762K, capacity 98390K, committed 98560K, reserved 1134592K
  class space    used 12410K, capacity 13455K, committed 13568K, reserved 1048576K
}
Event: 31.000 GC heap before
{Heap before GC invocations=31 (full 4):
 PSYoungGen      total 263168K, used 232448K [0x00000000d5580000, 0x00000000e7500000, 0x0000000100000000)
  eden space 232448K, 100% used [0x00000000d5580000,0x00000000e3880000,0x00000000e3880000)
  from space 30720K, 0% used [0x00000000e5600000,0x00000000e5600000,0x00000000e7400000)
  to   space 30208K, 0% used [0x00000000e3880000,0x00000000e3880000,0x00000000e5600000)
 ParOldGen       total 261632K, used 77656K [0x0000000080000000, 0x000000008ff80000, 0x00000000d5580000)
  object space 261632K, 29% used [0x0000000080000000,0x0000000084bd6090,0x000000008ff80000)
 Metaspace       used 106922K, capacity 113558K, committed 113792K, reserved 1148928K
  class space    used 13940K, capacity 15129K, committed 15232K, reserved 1048576K
Event: 31.011 GC heap after
Heap after GC invocations=31 (full 4):
 PSYoungGen      total 262656K, used 18354K [0x00000000d5580000, 0x00000000e9080000, 0x0000000100000000)
  eden space 232448K, 0% used [0x00000000d5580000,0x00000000d5580000,0x00000000e3880000)
  from space 30208K, 60% used [0x00000000e3880000,0x00000000e4a6c8c8,0x00000000e5600000)
  to   space 30720K, 0% used [0x00000000e7280000,0x00000000e7280000,0x00000000e9080000)
 ParOldGen       total 261632K, used 77664K [0x0000000080000000, 0x000000008ff80000, 0x00000000d5580000)
  object space 261632K, 29% used [0x0000000080000000,0x0000000084bd8090,0x000000008ff80000)
 Metaspace       used 106922K, capacity 113558K, committed 113792K, reserved 1148928K
  class space    used 13940K, capacity 15129K, committed 15232K, reserved 1048576K
}
Event: 33.119 GC heap before
{Heap before GC invocations=32 (full 4):
 PSYoungGen      total 262656K, used 250802K [0x00000000d5580000, 0x00000000e9080000, 0x0000000100000000)
  eden space 232448K, 100% used [0x00000000d5580000,0x00000000e3880000,0x00000000e3880000)
  from space 30208K, 60% used [0x00000000e3880000,0x00000000e4a6c8c8,0x00000000e5600000)
  to   space 30720K, 0% used [0x00000000e7280000,0x00000000e7280000,0x00000000e9080000)
 ParOldGen       total 261632K, used 77664K [0x0000000080000000, 0x000000008ff80000, 0x00000000d5580000)
  object space 261632K, 29% used [0x0000000080000000,0x0000000084bd8090,0x000000008ff80000)
 Metaspace       used 116002K, capacity 123914K, committed 124160K, reserved 1157120K
  class space    used 15190K, capacity 16518K, committed 16640K, reserved 1048576K
Event: 33.133 GC heap after
Heap after GC invocations=32 (full 4):
 PSYoungGen      total 287744K, used 19215K [0x00000000d5580000, 0x00000000e8f00000, 0x0000000100000000)
  eden space 258560K, 0% used [0x00000000d5580000,0x00000000d5580000,0x00000000e5200000)
  from space 29184K, 65% used [0x00000000e7280000,0x00000000e8543ff8,0x00000000e8f00000)
  to   space 31232K, 0% used [0x00000000e5200000,0x00000000e5200000,0x00000000e7080000)
 ParOldGen       total 261632K, used 77672K [0x0000000080000000, 0x000000008ff80000, 0x00000000d5580000)
  object space 261632K, 29% used [0x0000000080000000,0x0000000084bda090,0x000000008ff80000)
 Metaspace       used 116002K, capacity 123914K, committed 124160K, reserved 1157120K
  class space    used 15190K, capacity 16518K, committed 16640K, reserved 1048576K
}
Event: 34.986 GC heap before
{Heap before GC invocations=33 (full 4):
 PSYoungGen      total 287744K, used 277775K [0x00000000d5580000, 0x00000000e8f00000, 0x0000000100000000)
  eden space 258560K, 100% used [0x00000000d5580000,0x00000000e5200000,0x00000000e5200000)
  from space 29184K, 65% used [0x00000000e7280000,0x00000000e8543ff8,0x00000000e8f00000)
  to   space 31232K, 0% used [0x00000000e5200000,0x00000000e5200000,0x00000000e7080000)
 ParOldGen       total 261632K, used 77672K [0x0000000080000000, 0x000000008ff80000, 0x00000000d5580000)
  object space 261632K, 29% used [0x0000000080000000,0x0000000084bda090,0x000000008ff80000)
 Metaspace       used 117716K, capacity 125680K, committed 125824K, reserved 1159168K
  class space    used 15290K, capacity 16656K, committed 16768K, reserved 1048576K
Event: 35.006 GC heap after
Heap after GC invocations=33 (full 4):
 PSYoungGen      total 289792K, used 23264K [0x00000000d5580000, 0x00000000eae00000, 0x0000000100000000)
  eden space 258560K, 0% used [0x00000000d5580000,0x00000000d5580000,0x00000000e5200000)
  from space 31232K, 74% used [0x00000000e5200000,0x00000000e68b8058,0x00000000e7080000)
  to   space 32768K, 0% used [0x00000000e8e00000,0x00000000e8e00000,0x00000000eae00000)
 ParOldGen       total 261632K, used 77680K [0x0000000080000000, 0x000000008ff80000, 0x00000000d5580000)
  object space 261632K, 29% used [0x0000000080000000,0x0000000084bdc090,0x000000008ff80000)
 Metaspace       used 117716K, capacity 125680K, committed 125824K, reserved 1159168K
  class space    used 15290K, capacity 16656K, committed 16768K, reserved 1048576K
}
Event: 38.637 GC heap before
{Heap before GC invocations=34 (full 4):
 PSYoungGen      total 289792K, used 281824K [0x00000000d5580000, 0x00000000eae00000, 0x0000000100000000)
  eden space 258560K, 100% used [0x00000000d5580000,0x00000000e5200000,0x00000000e5200000)
  from space 31232K, 74% used [0x00000000e5200000,0x00000000e68b8058,0x00000000e7080000)
  to   space 32768K, 0% used [0x00000000e8e00000,0x00000000e8e00000,0x00000000eae00000)
 ParOldGen       total 261632K, used 77680K [0x0000000080000000, 0x000000008ff80000, 0x00000000d5580000)
  object space 261632K, 29% used [0x0000000080000000,0x0000000084bdc090,0x000000008ff80000)
 Metaspace       used 123280K, capacity 131972K, committed 132224K, reserved 1163264K
  class space    used 16089K, capacity 17515K, committed 17536K, reserved 1048576K
Event: 38.654 GC heap after
Heap after GC invocations=34 (full 4):
 PSYoungGen      total 315904K, used 22677K [0x00000000d5580000, 0x00000000ead00000, 0x0000000100000000)
  eden space 284160K, 0% used [0x00000000d5580000,0x00000000d5580000,0x00000000e6b00000)
  from space 31744K, 71% used [0x00000000e8e00000,0x00000000ea4254e0,0x00000000ead00000)
  to   space 33792K, 0% used [0x00000000e6b00000,0x00000000e6b00000,0x00000000e8c00000)
 ParOldGen       total 261632K, used 77688K [0x0000000080000000, 0x000000008ff80000, 0x00000000d5580000)
  object space 261632K, 29% used [0x0000000080000000,0x0000000084bde090,0x000000008ff80000)
 Metaspace       used 123280K, capacity 131972K, committed 132224K, reserved 1163264K
  class space    used 16089K, capacity 17515K, committed 17536K, reserved 1048576K
}

